<?xml version="1.0" encoding="UTF-8"?>
<testsuite xmlns:xsi="http://www.w3.org/2001/XMLSchema-instance" xsi:noNamespaceSchemaLocation="https://maven.apache.org/surefire/maven-surefire-plugin/xsd/surefire-test-report-3.0.xsd" version="3.0" name="com.coursehub.CourseHubApplicationTests" time="37.508" tests="1" errors="0" skipped="0" failures="0">
  <properties>
[...]
</properties>
  <testcase name="contextLoads" classname="com.coursehub.CourseHubApplicationTests" time="1.365">
    <system-out><![CDATA[10:04:35.015 [main] INFO org.springframework.test.context.support.AnnotationConfigContextLoaderUtils -- Could not detect default configuration classes for test class [com.coursehub.CourseHubApplicationTests]: CourseHubApplicationTests does not declare any static, non-private, non-final, nested classes annotated with @Configuration.
10:04:35.445 [main] INFO org.springframework.boot.test.context.SpringBootTestContextBootstrapper -- Found @SpringBootConfiguration com.coursehub.CourseHubApplication for test class com.coursehub.CourseHubApplicationTests
10:04:35.919 [main] INFO org.springframework.boot.devtools.restart.RestartApplicationListener -- Restart disabled due to context in which it is running

  .   ____          _            __ _ _
 /\\ / ___'_ __ _ _(_)_ __  __ _ \ \ \ \
( ( )\___ | '_ | '_| | '_ \/ _` | \ \ \ \
 \\/  ___)| |_)| | | | | || (_| |  ) ) ) )
  '  |____| .__|_| |_|_| |_\__, | / / / /
 =========|_|==============|___/=/_/_/_/
 :: Spring Boot ::                (v3.2.2)

2024-02-13T10:04:36.823+01:00  INFO 21060 --- [coursehub] [           main] c.coursehub.CourseHubApplicationTests    : Starting CourseHubApplicationTests using Java 21 with PID 21060 (started by samfr in C:\Users\samfr\Documents\CourseHub)
2024-02-13T10:04:36.826+01:00  INFO 21060 --- [coursehub] [           main] c.coursehub.CourseHubApplicationTests    : The following 1 profile is active: "prod"
2024-02-13T10:04:40.231+01:00  INFO 21060 --- [coursehub] [           main] .s.d.r.c.RepositoryConfigurationDelegate : Bootstrapping Spring Data JPA repositories in DEFAULT mode.
2024-02-13T10:04:40.465+01:00  INFO 21060 --- [coursehub] [           main] .s.d.r.c.RepositoryConfigurationDelegate : Finished Spring Data repository scanning in 212 ms. Found 7 JPA repository interfaces.
2024-02-13T10:04:42.147+01:00  INFO 21060 --- [coursehub] [           main] com.zaxxer.hikari.HikariDataSource       : HikariPool-1 - Starting...
2024-02-13T10:04:45.438+01:00  INFO 21060 --- [coursehub] [           main] com.zaxxer.hikari.pool.HikariPool        : HikariPool-1 - Added connection com.mysql.cj.jdbc.ConnectionImpl@6befbb12
2024-02-13T10:04:45.443+01:00  INFO 21060 --- [coursehub] [           main] com.zaxxer.hikari.HikariDataSource       : HikariPool-1 - Start completed.
2024-02-13T10:04:45.884+01:00  INFO 21060 --- [coursehub] [           main] o.f.c.internal.license.VersionPrinter    : Flyway Community Edition 9.22.3 by Redgate
2024-02-13T10:04:45.884+01:00  INFO 21060 --- [coursehub] [           main] o.f.c.internal.license.VersionPrinter    : See release notes here: https://rd.gt/416ObMi
2024-02-13T10:04:45.884+01:00  INFO 21060 --- [coursehub] [           main] o.f.c.internal.license.VersionPrinter    : 
2024-02-13T10:04:46.405+01:00  INFO 21060 --- [coursehub] [           main] org.flywaydb.core.FlywayExecutor         : Database: jdbc:mysql://bxbfpebksvzlsklaxbhi-mysql.services.clever-cloud.com:3306/bxbfpebksvzlsklaxbhi (MySQL 8.0)
2024-02-13T10:04:49.878+01:00  INFO 21060 --- [coursehub] [           main] o.f.core.internal.command.DbValidate     : Successfully validated 3 migrations (execution time 00:01.960s)
2024-02-13T10:04:51.954+01:00  INFO 21060 --- [coursehub] [           main] o.f.core.internal.command.DbMigrate      : Current version of schema `bxbfpebksvzlsklaxbhi`: 1.3
2024-02-13T10:04:52.109+01:00  INFO 21060 --- [coursehub] [           main] o.f.core.internal.command.DbMigrate      : Schema `bxbfpebksvzlsklaxbhi` is up to date. No migration necessary.
2024-02-13T10:04:53.347+01:00  INFO 21060 --- [coursehub] [           main] o.hibernate.jpa.internal.util.LogHelper  : HHH000204: Processing PersistenceUnitInfo [name: default]
2024-02-13T10:04:53.561+01:00  INFO 21060 --- [coursehub] [           main] org.hibernate.Version                    : HHH000412: Hibernate ORM core version 6.4.1.Final
2024-02-13T10:04:53.685+01:00  INFO 21060 --- [coursehub] [           main] o.h.c.internal.RegionFactoryInitiator    : HHH000026: Second-level cache disabled
2024-02-13T10:04:54.286+01:00  INFO 21060 --- [coursehub] [           main] o.s.o.j.p.SpringPersistenceUnitInfo      : No LoadTimeWeaver setup: ignoring JPA class transformer
2024-02-13T10:04:54.741+01:00  WARN 21060 --- [coursehub] [           main] org.hibernate.orm.deprecation            : HHH90000025: MySQL8Dialect does not need to be specified explicitly using 'hibernate.dialect' (remove the property setting and it will be selected by default)
2024-02-13T10:04:54.744+01:00  WARN 21060 --- [coursehub] [           main] org.hibernate.orm.deprecation            : HHH90000026: MySQL8Dialect has been deprecated; use org.hibernate.dialect.MySQLDialect instead
2024-02-13T10:04:55.691+01:00  WARN 21060 --- [coursehub] [           main] org.hibernate.mapping.RootClass          : HHH000038: Composite-id class does not override equals(): com.coursehub.model.WishListId
2024-02-13T10:04:55.692+01:00  WARN 21060 --- [coursehub] [           main] org.hibernate.mapping.RootClass          : HHH000039: Composite-id class does not override hashCode(): com.coursehub.model.WishListId
2024-02-13T10:04:57.184+01:00  INFO 21060 --- [coursehub] [           main] o.h.e.t.j.p.i.JtaPlatformInitiator       : HHH000489: No JTA platform available (set 'hibernate.transaction.jta.platform' to enable JTA platform integration)
2024-02-13T10:05:03.085+01:00  INFO 21060 --- [coursehub] [           main] j.LocalContainerEntityManagerFactoryBean : Initialized JPA EntityManagerFactory for persistence unit 'default'
2024-02-13T10:05:04.203+01:00  INFO 21060 --- [coursehub] [           main] o.s.d.j.r.query.QueryEnhancerFactory     : Hibernate is in classpath; If applicable, HQL parser will be used.
2024-02-13T10:05:07.507+01:00  WARN 21060 --- [coursehub] [           main] JpaBaseConfiguration$JpaWebConfiguration : spring.jpa.open-in-view is enabled by default. Therefore, database queries may be performed during view rendering. Explicitly configure spring.jpa.open-in-view to disable this warning
2024-02-13T10:05:08.633+01:00  INFO 21060 --- [coursehub] [           main] o.s.s.web.DefaultSecurityFilterChain     : Will secure any request with [org.springframework.security.web.session.DisableEncodeUrlFilter@6295cc30, org.springframework.security.web.context.request.async.WebAsyncManagerIntegrationFilter@69e3caa1, org.springframework.security.web.context.SecurityContextHolderFilter@319e02e7, org.springframework.security.web.header.HeaderWriterFilter@17d13926, org.springframework.web.filter.CorsFilter@231c8be4, org.springframework.security.web.authentication.logout.LogoutFilter@67744663, com.coursehub.config.JwtAuthenticationFilter@19240b9, org.springframework.security.web.savedrequest.RequestCacheAwareFilter@3bbab7c7, org.springframework.security.web.servletapi.SecurityContextHolderAwareRequestFilter@3237522b, org.springframework.security.web.authentication.AnonymousAuthenticationFilter@674687b3, org.springframework.security.web.session.SessionManagementFilter@473048f9, org.springframework.security.web.access.ExceptionTranslationFilter@127c5f20, org.springframework.security.web.access.intercept.AuthorizationFilter@257de910]
2024-02-13T10:05:10.231+01:00  INFO 21060 --- [coursehub] [           main] c.coursehub.CourseHubApplicationTests    : Started CourseHubApplicationTests in 34.349 seconds (process running for 40.33)
]]></system-out>
    <system-err><![CDATA[WARNING: A Java agent has been loaded dynamically (C:\Users\samfr\.m2\repository\net\bytebuddy\byte-buddy-agent\1.14.11\byte-buddy-agent-1.14.11.jar)
WARNING: If a serviceability tool is in use, please run with -XX:+EnableDynamicAgentLoading to hide this warning
WARNING: If a serviceability tool is not in use, please run with -Djdk.instrument.traceUsage for more information
WARNING: Dynamic loading of agents will be disallowed by default in a future release
]]></system-err>
  </testcase>
</testsuite>